\BOOKMARK [1][-]{section.1}{Einleitung}{}% 1
\BOOKMARK [2][-]{subsection.1.1}{Geometrie und 3D Darstellung}{section.1}% 2
\BOOKMARK [1][-]{section.2}{Status Quo}{}% 3
\BOOKMARK [2][-]{subsection.2.1}{Oculus Rift}{section.2}% 4
\BOOKMARK [3][-]{subsubsection.2.1.1}{\304hnlichkeiten}{subsection.2.1}% 5
\BOOKMARK [3][-]{subsubsection.2.1.2}{Unterschiede und Novit\344ten}{subsection.2.1}% 6
\BOOKMARK [2][-]{subsection.2.2}{Leap motion}{section.2}% 7
\BOOKMARK [3][-]{subsubsection.2.2.1}{\304hnlichkeiten}{subsection.2.2}% 8
\BOOKMARK [3][-]{subsubsection.2.2.2}{Unterschiede und Novit\344ten}{subsection.2.2}% 9
\BOOKMARK [2][-]{subsection.2.3}{Touchless Gesture Control}{section.2}% 10
\BOOKMARK [3][-]{subsubsection.2.3.1}{\304hnlichkeiten}{subsection.2.3}% 11
\BOOKMARK [3][-]{subsubsection.2.3.2}{Unterschiede und Novit\344ten}{subsection.2.3}% 12
\BOOKMARK [2][-]{subsection.2.4}{CAVE: Cave automatic virtual environment}{section.2}% 13
\BOOKMARK [3][-]{subsubsection.2.4.1}{\304hnlichkeiten}{subsection.2.4}% 14
\BOOKMARK [3][-]{subsubsection.2.4.2}{Unterschiede und Novit\344ten}{subsection.2.4}% 15
\BOOKMARK [2][-]{subsection.2.5}{Kinect}{section.2}% 16
\BOOKMARK [3][-]{subsubsection.2.5.1}{\304hnlichkeiten}{subsection.2.5}% 17
\BOOKMARK [3][-]{subsubsection.2.5.2}{Unterschiede und Novit\344ten}{subsection.2.5}% 18
\BOOKMARK [1][-]{section.3}{Artifact Viewer}{}% 19
\BOOKMARK [2][-]{subsection.3.1}{Struktur und Entstehung}{section.3}% 20
\BOOKMARK [2][-]{subsection.3.2}{Geste-Beschreibung}{section.3}% 21
\BOOKMARK [3][-]{subsubsection.3.2.1}{KINECT Gesten}{subsection.3.2}% 22
\BOOKMARK [3][-]{subsubsection.3.2.2}{Smart 3DTV Touchscreen Gesten}{subsection.3.2}% 23
\BOOKMARK [1][-]{section.4}{Zusammenfassung und Konklusion}{}% 24
