\BOOKMARK [1][-]{section.1}{Introduction}{}% 1
\BOOKMARK [2][-]{subsection.1.1}{Definitions}{section.1}% 2
\BOOKMARK [3][-]{subsubsection.1.1.1}{Multimodality}{subsection.1.1}% 3
\BOOKMARK [3][-]{subsubsection.1.1.2}{Modal redundancy}{subsection.1.1}% 4
\BOOKMARK [3][-]{subsubsection.1.1.3}{Modal specialization}{subsection.1.1}% 5
\BOOKMARK [3][-]{subsubsection.1.1.4}{Direct Manipulation:}{subsection.1.1}% 6
\BOOKMARK [3][-]{subsubsection.1.1.5}{Visualization}{subsection.1.1}% 7
\BOOKMARK [3][-]{subsubsection.1.1.6}{Gesture}{subsection.1.1}% 8
\BOOKMARK [2][-]{subsection.1.2}{Organization}{section.1}% 9
\BOOKMARK [1][-]{section.2}{State of the Art}{}% 10
\BOOKMARK [2][-]{subsection.2.1}{Previous Theses}{section.2}% 11
\BOOKMARK [3][-]{subsubsection.2.1.1}{UTouch3D}{subsection.2.1}% 12
\BOOKMARK [2][-]{subsection.2.2}{Omicron project and SAGE2}{section.2}% 13
\BOOKMARK [2][-]{subsection.2.3}{Kinoogle}{section.2}% 14
\BOOKMARK [2][-]{subsection.2.4}{Other software}{section.2}% 15
\BOOKMARK [1][-]{section.3}{Motivation and Problem Statement}{}% 16
\BOOKMARK [2][-]{subsection.3.1}{Motivation}{section.3}% 17
\BOOKMARK [2][-]{subsection.3.2}{Problem Statement}{section.3}% 18
\BOOKMARK [2][-]{subsection.3.3}{MoSCoW}{section.3}% 19
\BOOKMARK [3][-]{subsubsection.3.3.1}{What must the program do?}{subsection.3.3}% 20
\BOOKMARK [3][-]{subsubsection.3.3.2}{What should the program do?}{subsection.3.3}% 21
\BOOKMARK [3][-]{subsubsection.3.3.3}{What could the program do?}{subsection.3.3}% 22
\BOOKMARK [3][-]{subsubsection.3.3.4}{What won't the program do?}{subsection.3.3}% 23
\BOOKMARK [1][-]{section.4}{Technical background and primordial software}{}% 24
\BOOKMARK [2][-]{subsection.4.1}{Geometry and 3-D visualization}{section.4}% 25
\BOOKMARK [3][-]{subsubsection.4.1.1}{OpenGL}{subsection.4.1}% 26
\BOOKMARK [3][-]{subsubsection.4.1.2}{Homogeneous transformations}{subsection.4.1}% 27
\BOOKMARK [2][-]{subsection.4.2}{Artifact Viewer}{section.4}% 28
\BOOKMARK [2][-]{subsection.4.3}{Structure and Functions}{section.4}% 29
\BOOKMARK [3][-]{subsubsection.4.3.1}{ File compatibility}{subsection.4.3}% 30
\BOOKMARK [3][-]{subsubsection.4.3.2}{ Menu}{subsection.4.3}% 31
\BOOKMARK [3][-]{subsubsection.4.3.3}{ 3-D Visualization panel}{subsection.4.3}% 32
\BOOKMARK [3][-]{subsubsection.4.3.4}{ Lighting}{subsection.4.3}% 33
\BOOKMARK [3][-]{subsubsection.4.3.5}{ Rotation}{subsection.4.3}% 34
\BOOKMARK [3][-]{subsubsection.4.3.6}{ Visual Enhancements}{subsection.4.3}% 35
\BOOKMARK [3][-]{subsubsection.4.3.7}{ Annotations and Points}{subsection.4.3}% 36
\BOOKMARK [3][-]{subsubsection.4.3.8}{ Mouse and Keyboard event handling}{subsection.4.3}% 37
\BOOKMARK [3][-]{subsubsection.4.3.9}{ Keyboard shortcuts}{subsection.4.3}% 38
\BOOKMARK [1][-]{section.5}{SAVKiT}{}% 39
\BOOKMARK [2][-]{subsection.5.1}{Concept}{section.5}% 40
\BOOKMARK [2][-]{subsection.5.2}{Stereoscopy Implementation}{section.5}% 41
\BOOKMARK [2][-]{subsection.5.3}{New Keyboard Shortcuts}{section.5}% 42
\BOOKMARK [2][-]{subsection.5.4}{Touch Screen Enhancements}{section.5}% 43
\BOOKMARK [3][-]{subsubsection.5.4.1}{Smart 3-D-TV Touchscreen Gestures}{subsection.5.4}% 44
\BOOKMARK [2][-]{subsection.5.5}{Kinect 2 Camera Gesture implementation}{section.5}% 45
\BOOKMARK [3][-]{subsubsection.5.5.1}{Rotate}{subsection.5.5}% 46
\BOOKMARK [3][-]{subsubsection.5.5.2}{Scale}{subsection.5.5}% 47
\BOOKMARK [3][-]{subsubsection.5.5.3}{Translate}{subsection.5.5}% 48
\BOOKMARK [3][-]{subsubsection.5.5.4}{Untracked or unknown states}{subsection.5.5}% 49
\BOOKMARK [1][-]{section.6}{Evaluation}{}% 50
\BOOKMARK [1][-]{section.7}{Results}{}% 51
\BOOKMARK [1][-]{section.8}{Concluding Remarks and future work}{}% 52
\BOOKMARK [1][-]{section*.7}{Appendices}{}% 53
\BOOKMARK [1][-]{Appendix.1.A}{Appendix code}{}% 54
\BOOKMARK [2][-]{subsection.1.A.1}{Stereo format Code}{Appendix.1.A}% 55
\BOOKMARK [2][-]{subsection.1.A.2}{Kinect Rotation Code}{Appendix.1.A}% 56
\BOOKMARK [1][-]{Appendix.1.B}{Appendix Expert survey template}{}% 57
\BOOKMARK [1][-]{Appendix.1.C}{Appendix Survey Handout}{}% 58
\BOOKMARK [2][-]{subsection.1.C.1}{Touchscreen}{Appendix.1.C}% 59
\BOOKMARK [2][-]{subsection.1.C.2}{Kinect 2 Camera Gesture implementation}{Appendix.1.C}% 60
\BOOKMARK [3][-]{subsubsection.1.C.2.1}{Rotate}{subsection.1.C.2}% 61
\BOOKMARK [3][-]{subsubsection.1.C.2.2}{Scale}{subsection.1.C.2}% 62
\BOOKMARK [3][-]{subsubsection.1.C.2.3}{Translate}{subsection.1.C.2}% 63
\BOOKMARK [3][-]{subsubsection.1.C.2.4}{Untracked or unknown states}{subsection.1.C.2}% 64
